<?xml version="1.0" encoding="UTF-8"?>
<testsuite name="com.jojoldu.book.springboot.domain.posts.PostsRepositoryTest" tests="2" skipped="0" failures="0" errors="0" timestamp="2022-06-01T17:16:25" hostname="DESKTOP-KVCQHCD" time="0.187">
  <properties/>
  <testcase name="게시글저장_블러오기()" classname="com.jojoldu.book.springboot.domain.posts.PostsRepositoryTest" time="0.176"/>
  <testcase name="BaseTimeEntity_등록()" classname="com.jojoldu.book.springboot.domain.posts.PostsRepositoryTest" time="0.01"/>
  <system-out><![CDATA[2022-06-02 02:16:22.325  INFO 6772 --- [    Test worker] .b.t.c.SpringBootTestContextBootstrapper : Neither @ContextConfiguration nor @ContextHierarchy found for test class [com.jojoldu.book.springboot.domain.posts.PostsRepositoryTest], using SpringBootContextLoader
2022-06-02 02:16:22.326  INFO 6772 --- [    Test worker] o.s.t.c.support.AbstractContextLoader    : Could not detect default resource locations for test class [com.jojoldu.book.springboot.domain.posts.PostsRepositoryTest]: no resource found for suffixes {-context.xml, Context.groovy}.
2022-06-02 02:16:22.326  INFO 6772 --- [    Test worker] t.c.s.AnnotationConfigContextLoaderUtils : Could not detect default configuration classes for test class [com.jojoldu.book.springboot.domain.posts.PostsRepositoryTest]: PostsRepositoryTest does not declare any static, non-private, non-final, nested classes annotated with @Configuration.
2022-06-02 02:16:22.333  INFO 6772 --- [    Test worker] .b.t.c.SpringBootTestContextBootstrapper : Found @SpringBootConfiguration com.jojoldu.book.springboot.Application for test class com.jojoldu.book.springboot.domain.posts.PostsRepositoryTest
2022-06-02 02:16:22.338  INFO 6772 --- [    Test worker] .b.t.c.SpringBootTestContextBootstrapper : Loaded default TestExecutionListener class names from location [META-INF/spring.factories]: [org.springframework.security.test.context.support.WithSecurityContextTestExecutionListener, org.springframework.security.test.context.support.ReactorContextTestExecutionListener, org.springframework.boot.test.autoconfigure.restdocs.RestDocsTestExecutionListener, org.springframework.boot.test.autoconfigure.web.client.MockRestServiceServerResetTestExecutionListener, org.springframework.boot.test.autoconfigure.web.servlet.MockMvcPrintOnlyOnFailureTestExecutionListener, org.springframework.boot.test.autoconfigure.web.servlet.WebDriverTestExecutionListener, org.springframework.boot.test.autoconfigure.webservices.client.MockWebServiceServerTestExecutionListener, org.springframework.boot.test.mock.mockito.MockitoTestExecutionListener, org.springframework.boot.test.mock.mockito.ResetMocksTestExecutionListener, org.springframework.test.context.web.ServletTestExecutionListener, org.springframework.test.context.support.DirtiesContextBeforeModesTestExecutionListener, org.springframework.test.context.support.DependencyInjectionTestExecutionListener, org.springframework.test.context.support.DirtiesContextTestExecutionListener, org.springframework.test.context.transaction.TransactionalTestExecutionListener, org.springframework.test.context.jdbc.SqlScriptsTestExecutionListener, org.springframework.test.context.event.EventPublishingTestExecutionListener]
2022-06-02 02:16:22.339  INFO 6772 --- [    Test worker] .b.t.c.SpringBootTestContextBootstrapper : Using TestExecutionListeners: [org.springframework.test.context.web.ServletTestExecutionListener@4854f5f1, org.springframework.test.context.support.DirtiesContextBeforeModesTestExecutionListener@565e3ef0, org.springframework.boot.test.mock.mockito.MockitoTestExecutionListener@24282345, org.springframework.boot.test.autoconfigure.SpringBootDependencyInjectionTestExecutionListener@4991284d, org.springframework.test.context.support.DirtiesContextTestExecutionListener@2685a7f3, org.springframework.test.context.transaction.TransactionalTestExecutionListener@18ba46d, org.springframework.test.context.jdbc.SqlScriptsTestExecutionListener@64dc9d12, org.springframework.security.test.context.support.WithSecurityContextTestExecutionListener@24cf0284, org.springframework.test.context.event.EventPublishingTestExecutionListener@2ffe93d1, org.springframework.security.test.context.support.ReactorContextTestExecutionListener@730af28f, org.springframework.boot.test.autoconfigure.restdocs.RestDocsTestExecutionListener@73bec5f1, org.springframework.boot.test.autoconfigure.web.client.MockRestServiceServerResetTestExecutionListener@2fb92220, org.springframework.boot.test.autoconfigure.web.servlet.MockMvcPrintOnlyOnFailureTestExecutionListener@74025c1d, org.springframework.boot.test.autoconfigure.web.servlet.WebDriverTestExecutionListener@50b85698, org.springframework.boot.test.autoconfigure.webservices.client.MockWebServiceServerTestExecutionListener@552c9033, org.springframework.boot.test.mock.mockito.ResetMocksTestExecutionListener@33620094]

  .   ____          _            __ _ _
 /\\ / ___'_ __ _ _(_)_ __  __ _ \ \ \ \
( ( )\___ | '_ | '_| | '_ \/ _` | \ \ \ \
 \\/  ___)| |_)| | | | | || (_| |  ) ) ) )
  '  |____| .__|_| |_|_| |_\__, | / / / /
 =========|_|==============|___/=/_/_/_/
 :: Spring Boot ::                (v2.4.1)

2022-06-02 02:16:22.369  INFO 6772 --- [    Test worker] c.j.b.s.d.posts.PostsRepositoryTest      : Starting PostsRepositoryTest using Java 1.8.0_192 on DESKTOP-KVCQHCD with PID 6772 (started by SSAFY in C:\ssafy\workshop\freelec-springboot2-webservice)
2022-06-02 02:16:22.370  INFO 6772 --- [    Test worker] c.j.b.s.d.posts.PostsRepositoryTest      : No active profile set, falling back to default profiles: default
2022-06-02 02:16:22.701  INFO 6772 --- [    Test worker] .s.d.r.c.RepositoryConfigurationDelegate : Bootstrapping Spring Data JPA repositories in DEFAULT mode.
2022-06-02 02:16:22.750  INFO 6772 --- [    Test worker] .s.d.r.c.RepositoryConfigurationDelegate : Finished Spring Data repository scanning in 43 ms. Found 2 JPA repository interfaces.
2022-06-02 02:16:23.106  INFO 6772 --- [    Test worker] com.zaxxer.hikari.HikariDataSource       : HikariPool-1 - Starting...
2022-06-02 02:16:23.275  INFO 6772 --- [    Test worker] com.zaxxer.hikari.HikariDataSource       : HikariPool-1 - Start completed.
2022-06-02 02:16:23.337  INFO 6772 --- [    Test worker] o.hibernate.jpa.internal.util.LogHelper  : HHH000204: Processing PersistenceUnitInfo [name: default]
2022-06-02 02:16:23.401  INFO 6772 --- [    Test worker] org.hibernate.Version                    : HHH000412: Hibernate ORM core version 5.4.25.Final
2022-06-02 02:16:23.465  INFO 6772 --- [    Test worker] o.hibernate.annotations.common.Version   : HCANN000001: Hibernate Commons Annotations {5.1.2.Final}
2022-06-02 02:16:23.590  INFO 6772 --- [    Test worker] org.hibernate.dialect.Dialect            : HHH000400: Using dialect: org.hibernate.dialect.MySQL57Dialect
Hibernate: drop table if exists posts
Hibernate: drop table if exists user
Hibernate: create table posts (id bigint not null auto_increment, create_date datetime(6), modified_date datetime(6), author varchar(255), content TEXT not null, title varchar(500) not null, primary key (id)) engine=InnoDB
Hibernate: create table user (id bigint not null auto_increment, create_date datetime(6), modified_date datetime(6), email varchar(255) not null, name varchar(255) not null, picture varchar(255), role varchar(255) not null, primary key (id)) engine=InnoDB
2022-06-02 02:16:24.278  INFO 6772 --- [    Test worker] o.h.e.t.j.p.i.JtaPlatformInitiator       : HHH000490: Using JtaPlatform implementation: [org.hibernate.engine.transaction.jta.platform.internal.NoJtaPlatform]
2022-06-02 02:16:24.285  INFO 6772 --- [    Test worker] j.LocalContainerEntityManagerFactoryBean : Initialized JPA EntityManagerFactory for persistence unit 'default'
2022-06-02 02:16:24.705  WARN 6772 --- [    Test worker] JpaBaseConfiguration$JpaWebConfiguration : spring.jpa.open-in-view is enabled by default. Therefore, database queries may be performed during view rendering. Explicitly configure spring.jpa.open-in-view to disable this warning
2022-06-02 02:16:25.059  INFO 6772 --- [    Test worker] o.s.s.web.DefaultSecurityFilterChain     : Will secure any request with [org.springframework.security.web.context.request.async.WebAsyncManagerIntegrationFilter@595d7b8e, org.springframework.security.web.context.SecurityContextPersistenceFilter@1b0f1600, org.springframework.security.web.header.HeaderWriterFilter@67f59055, org.springframework.security.web.authentication.logout.LogoutFilter@36db4ddf, org.springframework.security.oauth2.client.web.OAuth2AuthorizationRequestRedirectFilter@6fc27919, org.springframework.security.oauth2.client.web.OAuth2LoginAuthenticationFilter@5a0c4c0d, org.springframework.security.web.authentication.ui.DefaultLoginPageGeneratingFilter@280e69ba, org.springframework.security.web.authentication.ui.DefaultLogoutPageGeneratingFilter@22bb67e6, org.springframework.security.web.savedrequest.RequestCacheAwareFilter@11f9d7d, org.springframework.security.web.servletapi.SecurityContextHolderAwareRequestFilter@4aa3d233, org.springframework.security.web.authentication.AnonymousAuthenticationFilter@5e4dd819, org.springframework.security.web.session.SessionManagementFilter@51266d30, org.springframework.security.web.access.ExceptionTranslationFilter@699e729e, org.springframework.security.web.access.intercept.FilterSecurityInterceptor@1b231e3c]
2022-06-02 02:16:25.291  INFO 6772 --- [    Test worker] o.s.s.concurrent.ThreadPoolTaskExecutor  : Initializing ExecutorService 'applicationTaskExecutor'
2022-06-02 02:16:25.311  INFO 6772 --- [    Test worker] o.s.b.a.h2.H2ConsoleAutoConfiguration    : H2 console available at '/h2-console'. Database available at 'jdbc:h2:mem:testdb'
2022-06-02 02:16:25.335  INFO 6772 --- [    Test worker] o.s.b.a.w.s.WelcomePageHandlerMapping    : Adding welcome page template: index
2022-06-02 02:16:25.678  INFO 6772 --- [    Test worker] s.a.ScheduledAnnotationBeanPostProcessor : No TaskScheduler/ScheduledExecutorService bean found for scheduled processing
2022-06-02 02:16:25.685  INFO 6772 --- [    Test worker] c.j.b.s.d.posts.PostsRepositoryTest      : Started PostsRepositoryTest in 3.343 seconds (JVM running for 7.225)
Hibernate: insert into posts (create_date, modified_date, author, content, title) values (?, ?, ?, ?, ?)
Hibernate: select posts0_.id as id1_0_, posts0_.create_date as create_d2_0_, posts0_.modified_date as modified3_0_, posts0_.author as author4_0_, posts0_.content as content5_0_, posts0_.title as title6_0_ from posts posts0_
Hibernate: select posts0_.id as id1_0_, posts0_.create_date as create_d2_0_, posts0_.modified_date as modified3_0_, posts0_.author as author4_0_, posts0_.content as content5_0_, posts0_.title as title6_0_ from posts posts0_
Hibernate: delete from posts where id=?
Hibernate: insert into posts (create_date, modified_date, author, content, title) values (?, ?, ?, ?, ?)
Hibernate: select posts0_.id as id1_0_, posts0_.create_date as create_d2_0_, posts0_.modified_date as modified3_0_, posts0_.author as author4_0_, posts0_.content as content5_0_, posts0_.title as title6_0_ from posts posts0_
>>>>>>>>>>>>>>>> createDate=2022-06-02T02:16:25.869, modifiedDate=2022-06-02T02:16:25.869
Hibernate: select posts0_.id as id1_0_, posts0_.create_date as create_d2_0_, posts0_.modified_date as modified3_0_, posts0_.author as author4_0_, posts0_.content as content5_0_, posts0_.title as title6_0_ from posts posts0_
Hibernate: delete from posts where id=?
]]></system-out>
  <system-err><![CDATA[]]></system-err>
</testsuite>
