<?xml version="1.0" encoding="UTF-8"?>
<testsuite name="com.jojoldu.book.springboot.web.IndexControllerTest" tests="1" skipped="0" failures="0" errors="0" timestamp="2022-06-01T17:16:27" hostname="DESKTOP-KVCQHCD" time="0.169">
  <properties/>
  <testcase name="메인페이지_로딩()" classname="com.jojoldu.book.springboot.web.IndexControllerTest" time="0.169"/>
  <system-out><![CDATA[2022-06-02 02:16:25.883  INFO 6772 --- [    Test worker] .b.t.c.SpringBootTestContextBootstrapper : Neither @ContextConfiguration nor @ContextHierarchy found for test class [com.jojoldu.book.springboot.web.IndexControllerTest], using SpringBootContextLoader
2022-06-02 02:16:25.883  INFO 6772 --- [    Test worker] o.s.t.c.support.AbstractContextLoader    : Could not detect default resource locations for test class [com.jojoldu.book.springboot.web.IndexControllerTest]: no resource found for suffixes {-context.xml, Context.groovy}.
2022-06-02 02:16:25.884  INFO 6772 --- [    Test worker] t.c.s.AnnotationConfigContextLoaderUtils : Could not detect default configuration classes for test class [com.jojoldu.book.springboot.web.IndexControllerTest]: IndexControllerTest does not declare any static, non-private, non-final, nested classes annotated with @Configuration.
2022-06-02 02:16:25.891  INFO 6772 --- [    Test worker] .b.t.c.SpringBootTestContextBootstrapper : Found @SpringBootConfiguration com.jojoldu.book.springboot.Application for test class com.jojoldu.book.springboot.web.IndexControllerTest
2022-06-02 02:16:25.892  INFO 6772 --- [    Test worker] .b.t.c.SpringBootTestContextBootstrapper : Loaded default TestExecutionListener class names from location [META-INF/spring.factories]: [org.springframework.security.test.context.support.WithSecurityContextTestExecutionListener, org.springframework.security.test.context.support.ReactorContextTestExecutionListener, org.springframework.boot.test.autoconfigure.restdocs.RestDocsTestExecutionListener, org.springframework.boot.test.autoconfigure.web.client.MockRestServiceServerResetTestExecutionListener, org.springframework.boot.test.autoconfigure.web.servlet.MockMvcPrintOnlyOnFailureTestExecutionListener, org.springframework.boot.test.autoconfigure.web.servlet.WebDriverTestExecutionListener, org.springframework.boot.test.autoconfigure.webservices.client.MockWebServiceServerTestExecutionListener, org.springframework.boot.test.mock.mockito.MockitoTestExecutionListener, org.springframework.boot.test.mock.mockito.ResetMocksTestExecutionListener, org.springframework.test.context.web.ServletTestExecutionListener, org.springframework.test.context.support.DirtiesContextBeforeModesTestExecutionListener, org.springframework.test.context.support.DependencyInjectionTestExecutionListener, org.springframework.test.context.support.DirtiesContextTestExecutionListener, org.springframework.test.context.transaction.TransactionalTestExecutionListener, org.springframework.test.context.jdbc.SqlScriptsTestExecutionListener, org.springframework.test.context.event.EventPublishingTestExecutionListener]
2022-06-02 02:16:25.893  INFO 6772 --- [    Test worker] .b.t.c.SpringBootTestContextBootstrapper : Using TestExecutionListeners: [org.springframework.test.context.web.ServletTestExecutionListener@78f6bbe6, org.springframework.test.context.support.DirtiesContextBeforeModesTestExecutionListener@271ab5eb, org.springframework.boot.test.mock.mockito.MockitoTestExecutionListener@7b80b292, org.springframework.boot.test.autoconfigure.SpringBootDependencyInjectionTestExecutionListener@218641bb, org.springframework.test.context.support.DirtiesContextTestExecutionListener@6c62e7e6, org.springframework.test.context.transaction.TransactionalTestExecutionListener@1e25a26c, org.springframework.test.context.jdbc.SqlScriptsTestExecutionListener@604f9718, org.springframework.security.test.context.support.WithSecurityContextTestExecutionListener@73d78933, org.springframework.test.context.event.EventPublishingTestExecutionListener@8710d78, org.springframework.security.test.context.support.ReactorContextTestExecutionListener@3b74e8d8, org.springframework.boot.test.autoconfigure.restdocs.RestDocsTestExecutionListener@279f5ff9, org.springframework.boot.test.autoconfigure.web.client.MockRestServiceServerResetTestExecutionListener@68cec428, org.springframework.boot.test.autoconfigure.web.servlet.MockMvcPrintOnlyOnFailureTestExecutionListener@68d41e84, org.springframework.boot.test.autoconfigure.web.servlet.WebDriverTestExecutionListener@74fa096e, org.springframework.boot.test.autoconfigure.webservices.client.MockWebServiceServerTestExecutionListener@29c7f09f, org.springframework.boot.test.mock.mockito.ResetMocksTestExecutionListener@37369e0b]

  .   ____          _            __ _ _
 /\\ / ___'_ __ _ _(_)_ __  __ _ \ \ \ \
( ( )\___ | '_ | '_| | '_ \/ _` | \ \ \ \
 \\/  ___)| |_)| | | | | || (_| |  ) ) ) )
  '  |____| .__|_| |_|_| |_\__, | / / / /
 =========|_|==============|___/=/_/_/_/
 :: Spring Boot ::                (v2.4.1)

2022-06-02 02:16:25.916  INFO 6772 --- [    Test worker] c.j.b.s.web.IndexControllerTest          : Starting IndexControllerTest using Java 1.8.0_192 on DESKTOP-KVCQHCD with PID 6772 (started by SSAFY in C:\ssafy\workshop\freelec-springboot2-webservice)
2022-06-02 02:16:25.917  INFO 6772 --- [    Test worker] c.j.b.s.web.IndexControllerTest          : No active profile set, falling back to default profiles: default
2022-06-02 02:16:26.098  INFO 6772 --- [    Test worker] .s.d.r.c.RepositoryConfigurationDelegate : Bootstrapping Spring Data JPA repositories in DEFAULT mode.
2022-06-02 02:16:26.112  INFO 6772 --- [    Test worker] .s.d.r.c.RepositoryConfigurationDelegate : Finished Spring Data repository scanning in 12 ms. Found 2 JPA repository interfaces.
2022-06-02 02:16:26.389  INFO 6772 --- [    Test worker] o.s.b.w.embedded.tomcat.TomcatWebServer  : Tomcat initialized with port(s): 0 (http)
2022-06-02 02:16:26.400  INFO 6772 --- [    Test worker] o.apache.catalina.core.StandardService   : Starting service [Tomcat]
2022-06-02 02:16:26.401  INFO 6772 --- [    Test worker] org.apache.catalina.core.StandardEngine  : Starting Servlet engine: [Apache Tomcat/9.0.41]
2022-06-02 02:16:26.510  INFO 6772 --- [    Test worker] o.a.c.c.C.[Tomcat].[localhost].[/]       : Initializing Spring embedded WebApplicationContext
2022-06-02 02:16:26.510  INFO 6772 --- [    Test worker] w.s.c.ServletWebServerApplicationContext : Root WebApplicationContext: initialization completed in 590 ms
2022-06-02 02:16:26.549  INFO 6772 --- [    Test worker] com.zaxxer.hikari.HikariDataSource       : HikariPool-2 - Starting...
2022-06-02 02:16:26.550  INFO 6772 --- [    Test worker] com.zaxxer.hikari.HikariDataSource       : HikariPool-2 - Start completed.
2022-06-02 02:16:26.550  INFO 6772 --- [    Test worker] o.s.b.a.h2.H2ConsoleAutoConfiguration    : H2 console available at '/h2-console'. Database available at 'jdbc:h2:mem:testdb'
2022-06-02 02:16:26.668  INFO 6772 --- [    Test worker] o.hibernate.jpa.internal.util.LogHelper  : HHH000204: Processing PersistenceUnitInfo [name: default]
2022-06-02 02:16:26.674  INFO 6772 --- [    Test worker] org.hibernate.dialect.Dialect            : HHH000400: Using dialect: org.hibernate.dialect.MySQL57Dialect
Hibernate: drop table if exists posts
Hibernate: drop table if exists user
Hibernate: create table posts (id bigint not null auto_increment, create_date datetime(6), modified_date datetime(6), author varchar(255), content TEXT not null, title varchar(500) not null, primary key (id)) engine=InnoDB
Hibernate: create table user (id bigint not null auto_increment, create_date datetime(6), modified_date datetime(6), email varchar(255) not null, name varchar(255) not null, picture varchar(255), role varchar(255) not null, primary key (id)) engine=InnoDB
2022-06-02 02:16:26.729  INFO 6772 --- [    Test worker] o.h.e.t.j.p.i.JtaPlatformInitiator       : HHH000490: Using JtaPlatform implementation: [org.hibernate.engine.transaction.jta.platform.internal.NoJtaPlatform]
2022-06-02 02:16:26.729  INFO 6772 --- [    Test worker] j.LocalContainerEntityManagerFactoryBean : Initialized JPA EntityManagerFactory for persistence unit 'default'
2022-06-02 02:16:26.992  WARN 6772 --- [    Test worker] JpaBaseConfiguration$JpaWebConfiguration : spring.jpa.open-in-view is enabled by default. Therefore, database queries may be performed during view rendering. Explicitly configure spring.jpa.open-in-view to disable this warning
2022-06-02 02:16:27.156  INFO 6772 --- [    Test worker] o.s.s.web.DefaultSecurityFilterChain     : Will secure any request with [org.springframework.security.web.context.request.async.WebAsyncManagerIntegrationFilter@7ae0c340, org.springframework.security.web.context.SecurityContextPersistenceFilter@58d07476, org.springframework.security.web.header.HeaderWriterFilter@18f2df4f, org.springframework.security.web.authentication.logout.LogoutFilter@a2b74b9, org.springframework.security.oauth2.client.web.OAuth2AuthorizationRequestRedirectFilter@32b09c3f, org.springframework.security.oauth2.client.web.OAuth2LoginAuthenticationFilter@7d8afe2c, org.springframework.security.web.authentication.ui.DefaultLoginPageGeneratingFilter@38354bad, org.springframework.security.web.authentication.ui.DefaultLogoutPageGeneratingFilter@6bfa36ea, org.springframework.security.web.savedrequest.RequestCacheAwareFilter@347bb49f, org.springframework.security.web.servletapi.SecurityContextHolderAwareRequestFilter@3afd0df8, org.springframework.security.web.authentication.AnonymousAuthenticationFilter@5d9d0ece, org.springframework.security.web.session.SessionManagementFilter@36d68381, org.springframework.security.web.access.ExceptionTranslationFilter@4fe4747f, org.springframework.security.web.access.intercept.FilterSecurityInterceptor@f43c907]
2022-06-02 02:16:27.263  INFO 6772 --- [    Test worker] o.s.s.concurrent.ThreadPoolTaskExecutor  : Initializing ExecutorService 'applicationTaskExecutor'
2022-06-02 02:16:27.294  INFO 6772 --- [    Test worker] o.s.b.a.w.s.WelcomePageHandlerMapping    : Adding welcome page template: index
2022-06-02 02:16:27.513  INFO 6772 --- [    Test worker] o.s.b.w.embedded.tomcat.TomcatWebServer  : Tomcat started on port(s): 64703 (http) with context path ''
2022-06-02 02:16:27.516  INFO 6772 --- [    Test worker] s.a.ScheduledAnnotationBeanPostProcessor : No TaskScheduler/ScheduledExecutorService bean found for scheduled processing
2022-06-02 02:16:27.516  INFO 6772 --- [    Test worker] c.j.b.s.web.IndexControllerTest          : Started IndexControllerTest in 1.622 seconds (JVM running for 9.057)
2022-06-02 02:16:27.611  INFO 6772 --- [o-auto-1-exec-1] o.a.c.c.C.[Tomcat].[localhost].[/]       : Initializing Spring DispatcherServlet 'dispatcherServlet'
2022-06-02 02:16:27.612  INFO 6772 --- [o-auto-1-exec-1] o.s.web.servlet.DispatcherServlet        : Initializing Servlet 'dispatcherServlet'
2022-06-02 02:16:27.612  INFO 6772 --- [o-auto-1-exec-1] o.s.web.servlet.DispatcherServlet        : Completed initialization in 0 ms
Hibernate: select posts0_.id as id1_0_, posts0_.create_date as create_d2_0_, posts0_.modified_date as modified3_0_, posts0_.author as author4_0_, posts0_.content as content5_0_, posts0_.title as title6_0_ from posts posts0_ order by posts0_.id DESC
]]></system-out>
  <system-err><![CDATA[]]></system-err>
</testsuite>
