<?xml version="1.0" encoding="UTF-8"?>
<testsuite name="com.jojoldu.book.springboot.HelloControllerTest" tests="2" skipped="0" failures="0" errors="0" timestamp="2022-06-01T23:58:32" hostname="DESKTOP-KVCQHCD" time="0.194">
  <properties/>
  <testcase name="hello가_리턴된다()" classname="com.jojoldu.book.springboot.HelloControllerTest" time="0.088"/>
  <testcase name="helloDto가_리턴된다()" classname="com.jojoldu.book.springboot.HelloControllerTest" time="0.105"/>
  <system-out><![CDATA[2022-06-02 08:58:31.565  INFO 12092 --- [    Test worker] .b.t.a.w.s.WebMvcTestContextBootstrapper : Neither @ContextConfiguration nor @ContextHierarchy found for test class [com.jojoldu.book.springboot.HelloControllerTest], using SpringBootContextLoader
2022-06-02 08:58:31.566  INFO 12092 --- [    Test worker] o.s.t.c.support.AbstractContextLoader    : Could not detect default resource locations for test class [com.jojoldu.book.springboot.HelloControllerTest]: no resource found for suffixes {-context.xml, Context.groovy}.
2022-06-02 08:58:31.566  INFO 12092 --- [    Test worker] t.c.s.AnnotationConfigContextLoaderUtils : Could not detect default configuration classes for test class [com.jojoldu.book.springboot.HelloControllerTest]: HelloControllerTest does not declare any static, non-private, non-final, nested classes annotated with @Configuration.
2022-06-02 08:58:31.582  INFO 12092 --- [    Test worker] .b.t.c.SpringBootTestContextBootstrapper : Found @SpringBootConfiguration com.jojoldu.book.springboot.Application for test class com.jojoldu.book.springboot.HelloControllerTest
2022-06-02 08:58:31.583  INFO 12092 --- [    Test worker] .b.t.a.w.s.WebMvcTestContextBootstrapper : Loaded default TestExecutionListener class names from location [META-INF/spring.factories]: [org.springframework.security.test.context.support.WithSecurityContextTestExecutionListener, org.springframework.security.test.context.support.ReactorContextTestExecutionListener, org.springframework.boot.test.autoconfigure.restdocs.RestDocsTestExecutionListener, org.springframework.boot.test.autoconfigure.web.client.MockRestServiceServerResetTestExecutionListener, org.springframework.boot.test.autoconfigure.web.servlet.MockMvcPrintOnlyOnFailureTestExecutionListener, org.springframework.boot.test.autoconfigure.web.servlet.WebDriverTestExecutionListener, org.springframework.boot.test.autoconfigure.webservices.client.MockWebServiceServerTestExecutionListener, org.springframework.boot.test.mock.mockito.MockitoTestExecutionListener, org.springframework.boot.test.mock.mockito.ResetMocksTestExecutionListener, org.springframework.test.context.web.ServletTestExecutionListener, org.springframework.test.context.support.DirtiesContextBeforeModesTestExecutionListener, org.springframework.test.context.support.DependencyInjectionTestExecutionListener, org.springframework.test.context.support.DirtiesContextTestExecutionListener, org.springframework.test.context.transaction.TransactionalTestExecutionListener, org.springframework.test.context.jdbc.SqlScriptsTestExecutionListener, org.springframework.test.context.event.EventPublishingTestExecutionListener]
2022-06-02 08:58:31.584  INFO 12092 --- [    Test worker] .b.t.a.w.s.WebMvcTestContextBootstrapper : Using TestExecutionListeners: [org.springframework.test.context.web.ServletTestExecutionListener@1c1adba3, org.springframework.test.context.support.DirtiesContextBeforeModesTestExecutionListener@3eeb84fe, org.springframework.boot.test.mock.mockito.MockitoTestExecutionListener@68b8f6a8, org.springframework.boot.test.autoconfigure.SpringBootDependencyInjectionTestExecutionListener@3b2d74, org.springframework.test.context.support.DirtiesContextTestExecutionListener@4ab63913, org.springframework.test.context.transaction.TransactionalTestExecutionListener@281898cf, org.springframework.test.context.jdbc.SqlScriptsTestExecutionListener@73a36d2, org.springframework.security.test.context.support.WithSecurityContextTestExecutionListener@5e33fbcc, org.springframework.test.context.event.EventPublishingTestExecutionListener@25363fb8, org.springframework.security.test.context.support.ReactorContextTestExecutionListener@49841531, org.springframework.boot.test.autoconfigure.restdocs.RestDocsTestExecutionListener@1f5e2675, org.springframework.boot.test.autoconfigure.web.client.MockRestServiceServerResetTestExecutionListener@5ef243c9, org.springframework.boot.test.autoconfigure.web.servlet.MockMvcPrintOnlyOnFailureTestExecutionListener@4a2d6c50, org.springframework.boot.test.autoconfigure.web.servlet.WebDriverTestExecutionListener@23e9c5b9, org.springframework.boot.test.autoconfigure.webservices.client.MockWebServiceServerTestExecutionListener@4dea223f, org.springframework.boot.test.mock.mockito.ResetMocksTestExecutionListener@14acc40]

  .   ____          _            __ _ _
 /\\ / ___'_ __ _ _(_)_ __  __ _ \ \ \ \
( ( )\___ | '_ | '_| | '_ \/ _` | \ \ \ \
 \\/  ___)| |_)| | | | | || (_| |  ) ) ) )
  '  |____| .__|_| |_|_| |_\__, | / / / /
 =========|_|==============|___/=/_/_/_/
 :: Spring Boot ::                (v2.4.1)

2022-06-02 08:58:31.609  INFO 12092 --- [    Test worker] c.j.book.springboot.HelloControllerTest  : Starting HelloControllerTest using Java 1.8.0_192 on DESKTOP-KVCQHCD with PID 12092 (started by SSAFY in C:\ssafy\workshop\freelec-springboot2-webservice)
2022-06-02 08:58:31.611  INFO 12092 --- [    Test worker] c.j.book.springboot.HelloControllerTest  : No active profile set, falling back to default profiles: default
2022-06-02 08:58:31.930  INFO 12092 --- [    Test worker] o.s.s.concurrent.ThreadPoolTaskExecutor  : Initializing ExecutorService 'applicationTaskExecutor'
2022-06-02 08:58:31.959  INFO 12092 --- [    Test worker] o.s.b.a.w.s.WelcomePageHandlerMapping    : Adding welcome page template: index
2022-06-02 08:58:32.226  INFO 12092 --- [    Test worker] o.s.s.web.DefaultSecurityFilterChain     : Will secure any request with [org.springframework.security.web.context.request.async.WebAsyncManagerIntegrationFilter@3feb14a7, org.springframework.security.web.context.SecurityContextPersistenceFilter@70903e2f, org.springframework.security.web.header.HeaderWriterFilter@3a64a5ff, org.springframework.security.web.csrf.CsrfFilter@41b44340, org.springframework.security.web.authentication.logout.LogoutFilter@72c223a5, org.springframework.security.oauth2.client.web.OAuth2AuthorizationRequestRedirectFilter@182c43b0, org.springframework.security.oauth2.client.web.OAuth2AuthorizationRequestRedirectFilter@165189de, org.springframework.security.oauth2.client.web.OAuth2LoginAuthenticationFilter@783c20df, org.springframework.security.web.authentication.ui.DefaultLoginPageGeneratingFilter@75d0ba6e, org.springframework.security.web.authentication.ui.DefaultLogoutPageGeneratingFilter@65c03b7, org.springframework.security.web.savedrequest.RequestCacheAwareFilter@f411a81, org.springframework.security.web.servletapi.SecurityContextHolderAwareRequestFilter@10151dcb, org.springframework.security.web.authentication.AnonymousAuthenticationFilter@1f4e59cb, org.springframework.security.oauth2.client.web.OAuth2AuthorizationCodeGrantFilter@1a007176, org.springframework.security.web.session.SessionManagementFilter@59a94fb0, org.springframework.security.web.access.ExceptionTranslationFilter@10fd428, org.springframework.security.web.access.intercept.FilterSecurityInterceptor@4db8d187]
2022-06-02 08:58:32.324  INFO 12092 --- [    Test worker] o.s.b.t.m.w.SpringBootMockServletContext : Initializing Spring TestDispatcherServlet ''
2022-06-02 08:58:32.324  INFO 12092 --- [    Test worker] o.s.t.web.servlet.TestDispatcherServlet  : Initializing Servlet ''
2022-06-02 08:58:32.325  INFO 12092 --- [    Test worker] o.s.t.web.servlet.TestDispatcherServlet  : Completed initialization in 1 ms
2022-06-02 08:58:32.346  INFO 12092 --- [    Test worker] c.j.book.springboot.HelloControllerTest  : Started HelloControllerTest in 0.759 seconds (JVM running for 7.877)
]]></system-out>
  <system-err><![CDATA[]]></system-err>
</testsuite>
