<?xml version="1.0" encoding="UTF-8"?>
<testsuite name="com.jojoldu.book.springboot.web.PostsApiControllerTest" tests="2" skipped="0" failures="0" errors="0" timestamp="2022-06-01T23:58:34" hostname="DESKTOP-KVCQHCD" time="0.105">
  <properties/>
  <testcase name="Posts_등록된다()" classname="com.jojoldu.book.springboot.web.PostsApiControllerTest" time="0.068"/>
  <testcase name="Posts_수정된다()" classname="com.jojoldu.book.springboot.web.PostsApiControllerTest" time="0.036"/>
  <system-out><![CDATA[2022-06-02 08:58:34.613  INFO 12092 --- [    Test worker] .b.t.c.SpringBootTestContextBootstrapper : Neither @ContextConfiguration nor @ContextHierarchy found for test class [com.jojoldu.book.springboot.web.PostsApiControllerTest], using SpringBootContextLoader
2022-06-02 08:58:34.614  INFO 12092 --- [    Test worker] o.s.t.c.support.AbstractContextLoader    : Could not detect default resource locations for test class [com.jojoldu.book.springboot.web.PostsApiControllerTest]: no resource found for suffixes {-context.xml, Context.groovy}.
2022-06-02 08:58:34.614  INFO 12092 --- [    Test worker] t.c.s.AnnotationConfigContextLoaderUtils : Could not detect default configuration classes for test class [com.jojoldu.book.springboot.web.PostsApiControllerTest]: PostsApiControllerTest does not declare any static, non-private, non-final, nested classes annotated with @Configuration.
2022-06-02 08:58:34.616  INFO 12092 --- [    Test worker] .b.t.c.SpringBootTestContextBootstrapper : Found @SpringBootConfiguration com.jojoldu.book.springboot.Application for test class com.jojoldu.book.springboot.web.PostsApiControllerTest
2022-06-02 08:58:34.617  INFO 12092 --- [    Test worker] .b.t.c.SpringBootTestContextBootstrapper : Loaded default TestExecutionListener class names from location [META-INF/spring.factories]: [org.springframework.security.test.context.support.WithSecurityContextTestExecutionListener, org.springframework.security.test.context.support.ReactorContextTestExecutionListener, org.springframework.boot.test.autoconfigure.restdocs.RestDocsTestExecutionListener, org.springframework.boot.test.autoconfigure.web.client.MockRestServiceServerResetTestExecutionListener, org.springframework.boot.test.autoconfigure.web.servlet.MockMvcPrintOnlyOnFailureTestExecutionListener, org.springframework.boot.test.autoconfigure.web.servlet.WebDriverTestExecutionListener, org.springframework.boot.test.autoconfigure.webservices.client.MockWebServiceServerTestExecutionListener, org.springframework.boot.test.mock.mockito.MockitoTestExecutionListener, org.springframework.boot.test.mock.mockito.ResetMocksTestExecutionListener, org.springframework.test.context.web.ServletTestExecutionListener, org.springframework.test.context.support.DirtiesContextBeforeModesTestExecutionListener, org.springframework.test.context.support.DependencyInjectionTestExecutionListener, org.springframework.test.context.support.DirtiesContextTestExecutionListener, org.springframework.test.context.transaction.TransactionalTestExecutionListener, org.springframework.test.context.jdbc.SqlScriptsTestExecutionListener, org.springframework.test.context.event.EventPublishingTestExecutionListener]
2022-06-02 08:58:34.618  INFO 12092 --- [    Test worker] .b.t.c.SpringBootTestContextBootstrapper : Using TestExecutionListeners: [org.springframework.test.context.web.ServletTestExecutionListener@2d86e393, org.springframework.test.context.support.DirtiesContextBeforeModesTestExecutionListener@1174b416, org.springframework.boot.test.mock.mockito.MockitoTestExecutionListener@746b99b9, org.springframework.boot.test.autoconfigure.SpringBootDependencyInjectionTestExecutionListener@7e36414b, org.springframework.test.context.support.DirtiesContextTestExecutionListener@6436af65, org.springframework.test.context.transaction.TransactionalTestExecutionListener@505663f1, org.springframework.test.context.jdbc.SqlScriptsTestExecutionListener@78d89e13, org.springframework.security.test.context.support.WithSecurityContextTestExecutionListener@3428b45a, org.springframework.test.context.event.EventPublishingTestExecutionListener@6534683d, org.springframework.security.test.context.support.ReactorContextTestExecutionListener@69ed681, org.springframework.boot.test.autoconfigure.restdocs.RestDocsTestExecutionListener@3a0af847, org.springframework.boot.test.autoconfigure.web.client.MockRestServiceServerResetTestExecutionListener@4b710138, org.springframework.boot.test.autoconfigure.web.servlet.MockMvcPrintOnlyOnFailureTestExecutionListener@d42fdeb, org.springframework.boot.test.autoconfigure.web.servlet.WebDriverTestExecutionListener@7d98081c, org.springframework.boot.test.autoconfigure.webservices.client.MockWebServiceServerTestExecutionListener@10bd1f28, org.springframework.boot.test.mock.mockito.ResetMocksTestExecutionListener@5306a4c6]
2022-06-02 08:58:34.627  INFO 12092 --- [    Test worker] o.a.c.c.C.[Tomcat].[localhost].[/]       : Initializing Spring TestDispatcherServlet ''
2022-06-02 08:58:34.627  INFO 12092 --- [    Test worker] o.s.t.web.servlet.TestDispatcherServlet  : Initializing Servlet ''
2022-06-02 08:58:34.628  INFO 12092 --- [    Test worker] o.s.t.web.servlet.TestDispatcherServlet  : Completed initialization in 1 ms
Hibernate: insert into posts (create_date, modified_date, author, content, title) values (?, ?, ?, ?, ?)
Hibernate: select posts0_.id as id1_0_, posts0_.create_date as create_d2_0_, posts0_.modified_date as modified3_0_, posts0_.author as author4_0_, posts0_.content as content5_0_, posts0_.title as title6_0_ from posts posts0_
Hibernate: select posts0_.id as id1_0_, posts0_.create_date as create_d2_0_, posts0_.modified_date as modified3_0_, posts0_.author as author4_0_, posts0_.content as content5_0_, posts0_.title as title6_0_ from posts posts0_
Hibernate: delete from posts where id=?
2022-06-02 08:58:34.693  INFO 12092 --- [    Test worker] o.a.c.c.C.[Tomcat].[localhost].[/]       : Initializing Spring TestDispatcherServlet ''
2022-06-02 08:58:34.693  INFO 12092 --- [    Test worker] o.s.t.web.servlet.TestDispatcherServlet  : Initializing Servlet ''
2022-06-02 08:58:34.694  INFO 12092 --- [    Test worker] o.s.t.web.servlet.TestDispatcherServlet  : Completed initialization in 1 ms
Hibernate: insert into posts (create_date, modified_date, author, content, title) values (?, ?, ?, ?, ?)
Hibernate: select posts0_.id as id1_0_0_, posts0_.create_date as create_d2_0_0_, posts0_.modified_date as modified3_0_0_, posts0_.author as author4_0_0_, posts0_.content as content5_0_0_, posts0_.title as title6_0_0_ from posts posts0_ where posts0_.id=?
Hibernate: update posts set create_date=?, modified_date=?, author=?, content=?, title=? where id=?
Hibernate: select posts0_.id as id1_0_, posts0_.create_date as create_d2_0_, posts0_.modified_date as modified3_0_, posts0_.author as author4_0_, posts0_.content as content5_0_, posts0_.title as title6_0_ from posts posts0_
Hibernate: select posts0_.id as id1_0_, posts0_.create_date as create_d2_0_, posts0_.modified_date as modified3_0_, posts0_.author as author4_0_, posts0_.content as content5_0_, posts0_.title as title6_0_ from posts posts0_
Hibernate: delete from posts where id=?
]]></system-out>
  <system-err><![CDATA[]]></system-err>
</testsuite>
